<?xml version="1.0" encoding="UTF-8"?>
<!-- Generated by org.testng.reporters.JUnitXMLReporter -->
<testsuite ignored="1" hostname="OSM-PC" failures="0" tests="1" name="Default test" time="5.888" errors="0" timestamp="2026-06-06T11:00:43 EEST">
  <testcase classname="SoloProject.ProductsStore.homeTest" name="switchToNextPage" time="1.267"/>
  <testcase classname="SoloProject.ProductsStore.homeTest" name="scrollVerifyThatFooterIsVisible" time="0.0">
    <ignored/>
  </testcase> <!-- scrollVerifyThatFooterIsVisible -->
</testsuite> <!-- Default test -->
