<?xml version="1.0" encoding="UTF-8"?>
<!-- Generated by org.testng.reporters.JUnitXMLReporter -->
<testsuite ignored="0" hostname="OSM-PC" failures="0" tests="4" name="Default test" time="35.783" errors="0" timestamp="2026-06-04T18:56:47 EEST">
  <testcase classname="SoloProject.ProductsStore.loginSignupTest" name="invaildLogin" time="1.75"/>
  <testcase classname="SoloProject.ProductsStore.loginSignupTest" name="invaildSingup" time="1.672"/>
  <testcase classname="SoloProject.ProductsStore.loginSignupTest" name="vaildLogin" time="2.654"/>
  <testcase classname="SoloProject.ProductsStore.cartTest" name="addItemToCart" time="9.136"/>
</testsuite> <!-- Default test -->
