<?xml version="1.0" encoding="UTF-8"?>
<testng-results ignored="0" total="1" passed="1" failed="0" skipped="0">
  <reporter-output>
  </reporter-output>
  <suite started-at="2026-06-05T16:52:46 EEST" name="Default suite" finished-at="2026-06-05T16:53:03 EEST" duration-ms="16966">
    <groups>
    </groups>
    <test started-at="2026-06-05T16:52:46 EEST" name="Default test" finished-at="2026-06-05T16:53:03 EEST" duration-ms="16966">
      <class name="SoloProject.ProductsStore.cartTest">
        <test-method is-config="true" signature="setup()[pri:0, instance:SoloProject.ProductsStore.cartTest@3bf7ca37]" started-at="2026-06-05T16:52:46 EEST" name="setup" finished-at="2026-06-05T16:52:50 EEST" duration-ms="3513" status="PASS">
          <reporter-output>
          </reporter-output>
        </test-method> <!-- setup -->
        <test-method signature="addItemToCart()[pri:0, instance:SoloProject.ProductsStore.cartTest@3bf7ca37]" started-at="2026-06-05T16:52:50 EEST" name="addItemToCart" finished-at="2026-06-05T16:53:03 EEST" duration-ms="13407" status="PASS">
          <reporter-output>
          </reporter-output>
        </test-method> <!-- addItemToCart -->
      </class> <!-- SoloProject.ProductsStore.cartTest -->
    </test> <!-- Default test -->
  </suite> <!-- Default suite -->
</testng-results>
