<?xml version="1.0" encoding="UTF-8"?>
<testng-results ignored="0" total="1" passed="1" failed="0" skipped="0">
  <reporter-output>
  </reporter-output>
  <suite started-at="2026-06-04T13:39:24 EEST" name="Default suite" finished-at="2026-06-04T13:39:30 EEST" duration-ms="6443">
    <groups>
    </groups>
    <test started-at="2026-06-04T13:39:24 EEST" name="Default test" finished-at="2026-06-04T13:39:30 EEST" duration-ms="6443">
      <class name="SoloProject.ProductsStore.loginSignupTest">
        <test-method is-config="true" signature="setup()[pri:0, instance:SoloProject.ProductsStore.loginSignupTest@79079097]" started-at="2026-06-04T13:39:24 EEST" name="setup" finished-at="2026-06-04T13:39:28 EEST" duration-ms="4748" status="PASS">
          <reporter-output>
          </reporter-output>
        </test-method> <!-- setup -->
        <test-method signature="invaildSingup()[pri:0, instance:SoloProject.ProductsStore.loginSignupTest@79079097]" started-at="2026-06-04T13:39:28 EEST" name="invaildSingup" finished-at="2026-06-04T13:39:30 EEST" duration-ms="1655" status="PASS">
          <reporter-output>
          </reporter-output>
        </test-method> <!-- invaildSingup -->
      </class> <!-- SoloProject.ProductsStore.loginSignupTest -->
    </test> <!-- Default test -->
  </suite> <!-- Default suite -->
</testng-results>
