<?xml version="1.0" encoding="UTF-8"?>
<!-- Generated by org.testng.reporters.JUnitReportReporter -->
<testsuite hostname="OSM-PC" failures="0" tests="3" name="SoloProject.ProductsStore.loginSignupTest" time="20.587" errors="0" timestamp="2026-06-04T18:56:47 EEST" skipped="0">
  <testcase classname="SoloProject.ProductsStore.loginSignupTest" name="vaildLogin" time="5.605"/>
  <testcase classname="SoloProject.ProductsStore.loginSignupTest" name="invaildSingup" time="10.406"/>
  <testcase classname="SoloProject.ProductsStore.loginSignupTest" name="invaildLogin" time="4.576"/>
</testsuite> <!-- SoloProject.ProductsStore.loginSignupTest -->
