<?xml version="1.0" encoding="UTF-8"?>
<!-- Generated by org.testng.reporters.JUnitReportReporter -->
<testsuite hostname="OSM-PC" failures="0" tests="2" name="SoloProject.ProductsStore.cartTest" time="24.502" errors="0" timestamp="2026-06-04T19:54:36 EEST" skipped="0">
  <testcase classname="SoloProject.ProductsStore.cartTest" name="addItemToCart" time="12.280"/>
  <testcase classname="SoloProject.ProductsStore.cartTest" name="placeOrderFinal" time="12.222"/>
</testsuite> <!-- SoloProject.ProductsStore.cartTest -->
