<?xml version="1.0" encoding="UTF-8"?>
<!-- Generated by org.testng.reporters.JUnitReportReporter -->
<testsuite hostname="OSM-PC" failures="0" tests="4" name="SoloProject.ProductsStore.homeTest" time="20.477" errors="0" timestamp="2026-06-07T01:04:56 EEST" skipped="0">
  <testcase classname="SoloProject.ProductsStore.homeTest" name="viewAbooutUs" time="5.006"/>
  <testcase classname="SoloProject.ProductsStore.homeTest" name="contactUs" time="4.278"/>
  <testcase classname="SoloProject.ProductsStore.homeTest" name="switchToNextPage" time="5.851"/>
  <testcase classname="SoloProject.ProductsStore.homeTest" name="scrollVerifyThatFooterIsVisible" time="5.342"/>
</testsuite> <!-- SoloProject.ProductsStore.homeTest -->
