<?xml version="1.0" encoding="UTF-8"?>
<!-- Generated by org.testng.reporters.JUnitReportReporter -->
<testsuite hostname="OSM-PC" failures="0" tests="2" name="SoloProject.ProductsStore.cartTest" time="26.615" errors="0" timestamp="2026-06-07T01:04:56 EEST" skipped="0">
  <testcase classname="SoloProject.ProductsStore.cartTest" name="addItemToCart" time="18.269"/>
  <testcase classname="SoloProject.ProductsStore.cartTest" name="placeOrderFinal" time="8.346"/>
</testsuite> <!-- SoloProject.ProductsStore.cartTest -->
