<?xml version="1.0" encoding="UTF-8"?>
<!-- Generated by org.testng.reporters.JUnitReportReporter -->
<testsuite hostname="OSM-PC" failures="0" tests="3" name="SoloProject.ProductsStore.loginSignupTest" time="17.728" errors="0" timestamp="2026-06-04T21:53:38 EEST" skipped="0">
  <testcase classname="SoloProject.ProductsStore.loginSignupTest" name="invaildSingup" time="5.895"/>
  <testcase classname="SoloProject.ProductsStore.loginSignupTest" name="invaildLogin" time="5.000"/>
  <testcase classname="SoloProject.ProductsStore.loginSignupTest" name="vaildLogin" time="6.833"/>
</testsuite> <!-- SoloProject.ProductsStore.loginSignupTest -->
